[kodanmal.com/index.html]
[backblue.gif]
[fade.gif]
[index.html]
[dummyimage.com/600x315/949494/fff.jpg]
[kodanmal.com/fav-icon.png]
[kodanmal.com/assets/global/plugins/fontawesome-free-5/web-fonts-with-css/css/fontawesome-all.css]
[cdnjs.cloudflare.com/ajax/libs/materialize/1.0.0-beta/css/materialize.min.css]
[cdnjs.cloudflare.com/ajax/libs/OwlCarousel2/2.3.4/assets/owl.carousel.min.css]
[cdnjs.cloudflare.com/ajax/libs/OwlCarousel2/2.3.4/assets/owl.theme.default.css]
[kodanmal.com/css/frontend/flaticon/font/flaticon.css]
[kodanmal.com/css/frontend/main.css]
[kodanmal.com/css/frontend/header.css]
[kodanmal.com/css/frontend/btn.css]
[kodanmal.com/css/frontend/selectbox.css]
[kodanmal.com/css/frontend/input.css]
[kodanmal.com/css/frontend/menu.css]
[kodanmal.com/css/frontend/footer.css]
[kodanmal.com/css/frontend/home_new.css]
[kodanmal.com/images/Kodanmal-Logo-01.png]
[kodanmal.com/about-us.html]
[kodanmal.com/exhibition.html]
[kodanmal.com/market.html]
[kodanmal.com/contact-us.html]
[kodanmal.com/order/step1.html]
[kodanmal.com/product/tuna.html]
[kodanmal.com/product/sardines_mackerel.html]
[kodanmal.com/product/Pineapple.html]
[kodanmal.com/product/corn.html]
[kodanmal.com/product/canned_fruits.html]
[kodanmal.com/product/Canned_Vegetables.html]
[kodanmal.com/product/fruits_vegetables.html]
[kodanmal.com/product/coconut_milk.html]
[kodanmal.com/product/tamarind.html]
[kodanmal.com/product/thai_rice.html]
[kodanmal.com/product/beverage-drinks.html]
[kodanmal.com/product/sugar.html]
[kodanmal.com/product/frozen_product.html]
[kodanmal.com/product/flour_and_noodle.html]
[kodanmal.com/uploads/banner/20180620101439-53574.png]
[kodanmal.com/uploads/product_banner/300/20180528104903-82122.png]
[kodanmal.com/product/pineapple-2.html]
[kodanmal.com/uploads/banner/20180517184112-24642.png]
[kodanmal.com/uploads/product_banner/300/20180517184116-90806.png]
[kodanmal.com/uploads/banner/20180517183303-13824.png]
[kodanmal.com/uploads/product_banner/300/20180517183338-77276.png]
[kodanmal.com/images/amazing/Green garden Logo-01.png]
[kodanmal.com/images/amazing/Ocean Foods Logo-01.png]
[kodanmal.com/images/amazing/Rosini Logo-01.png]
[kodanmal.com/images/amazing/Pacific Fresh Logo-01.png]
[kodanmal.com/images/amazing/Green Fields Logo-01.png]
[kodanmal.com/images/amazing/Logo Atlantic Blue-01.png]
[kodanmal.com/images/amazing/Kareena Logo-01.png]
[kodanmal.com/images/amazing/Cool Time logo.png]
[kodanmal.com/images/amazing/LOGO_Atlantico.png]
[kodanmal.com/images/amazing/Supreme.png]
[kodanmal.com/download-catalog.html]
[kodanmal.com/images/Story.png]
[kodanmal.com/images/Home_new.jpg]
[kodanmal.com/images/Tuna.png]
[kodanmal.com/images/Cannes_Pineapple.png]
[kodanmal.com/images/Canned_Corn.png]
[kodanmal.com/js/frontend/jquery.min.js]
[cdnjs.cloudflare.com/ajax/libs/materialize/1.0.0-beta/js/materialize.min.js]
[cdnjs.cloudflare.com/ajax/libs/OwlCarousel2/2.3.4/owl.carousel.js]
[kodanmal.com/index.html]
[kodanmal.com/js/frontend/main8177.js]
[kodanmal.com/assets/global/plugins/fontawesome-free-5/web-fonts-with-css/webfonts/fa-brands-400.eot]
[kodanmal.com/assets/global/plugins/fontawesome-free-5/web-fonts-with-css/webfonts/fa-brands-400d41d.eot]
[kodanmal.com/assets/global/plugins/fontawesome-free-5/web-fonts-with-css/webfonts/fa-brands-400.woff]
[kodanmal.com/assets/global/plugins/fontawesome-free-5/web-fonts-with-css/webfonts/fa-brands-400.ttf]
[kodanmal.com/assets/global/plugins/fontawesome-free-5/web-fonts-with-css/webfonts/fa-regular-400.eot]
[kodanmal.com/assets/global/plugins/fontawesome-free-5/web-fonts-with-css/webfonts/fa-regular-400d41d.eot]
[kodanmal.com/assets/global/plugins/fontawesome-free-5/web-fonts-with-css/webfonts/fa-regular-400.woff]
[kodanmal.com/assets/global/plugins/fontawesome-free-5/web-fonts-with-css/webfonts/fa-regular-400.ttf]
[kodanmal.com/assets/global/plugins/fontawesome-free-5/web-fonts-with-css/webfonts/fa-solid-900.eot]
[kodanmal.com/assets/global/plugins/fontawesome-free-5/web-fonts-with-css/webfonts/fa-solid-900d41d.eot]
[kodanmal.com/assets/global/plugins/fontawesome-free-5/web-fonts-with-css/webfonts/fa-solid-900.woff]
[kodanmal.com/assets/global/plugins/fontawesome-free-5/web-fonts-with-css/webfonts/fa-solid-900.ttf]
[kodanmal.com/assets/global/plugins/fontawesome-free-5/web-fonts-with-css/css/fontawesome-all.css]
[cdnjs.cloudflare.com/ajax/libs/materialize/1.0.0-beta/css/materialize.min.css]
[cdnjs.cloudflare.com/ajax/libs/OwlCarousel2/2.3.4/assets/owl.video.play.png]
[cdnjs.cloudflare.com/ajax/libs/OwlCarousel2/2.3.4/assets/owl.carousel.min.css]
[cdnjs.cloudflare.com/ajax/libs/OwlCarousel2/2.3.4/assets/owl.theme.default.css]
[kodanmal.com/css/frontend/flaticon/font/Flaticon.eot]
[kodanmal.com/css/frontend/flaticon/font/Flaticond41d.eot]
[kodanmal.com/css/frontend/flaticon/font/Flaticon.woff]
[kodanmal.com/css/frontend/flaticon/font/Flaticon.ttf]
[kodanmal.com/css/frontend/flaticon/font/flaticon.css]
[kodanmal.com/font/caveat/caveat-bold.eot]
[kodanmal.com/font/caveat/caveat-boldd41d.eot]
[kodanmal.com/font/caveat/caveat-bold.woff2]
[kodanmal.com/font/caveat/caveat-bold.woff]
[kodanmal.com/font/caveat/caveat-bold.ttf]
[kodanmal.com/font/caveat/caveat-bold.svg]
[kodanmal.com/font/dk_southwark/dk_southwark-webfont.eot]
[kodanmal.com/font/dk_southwark/dk_southwark-webfontd41d.eot]
[kodanmal.com/font/dk_southwark/dk_southwark-webfont.woff]
[kodanmal.com/font/dk_southwark/dk_southwark-webfont.ttf]
[kodanmal.com/font/dk_traiectum/dk_traiectum-webfont.eot]
[kodanmal.com/font/dk_traiectum/dk_traiectum-webfontd41d.eot]
[kodanmal.com/font/dk_traiectum/dk_traiectum-webfont.woff]
[kodanmal.com/font/dk_traiectum/dk_traiectum-webfont.ttf]
[kodanmal.com/font/museo_slab_500/museo_slab_500-webfont.eot]
[kodanmal.com/font/museo_slab_500/museo_slab_500-webfontd41d.eot]
[kodanmal.com/font/museo_slab_500/museo_slab_500-webfont.woff]
[kodanmal.com/font/museo_slab_500/museo_slab_500-webfont.ttf]
[kodanmal.com/font/lemon_tuesday/lemon_tuesday-webfont.eot]
[kodanmal.com/font/lemon_tuesday/lemon_tuesday-webfontd41d.eot]
[kodanmal.com/font/lemon_tuesday/lemon_tuesday-webfont.woff]
[kodanmal.com/font/lemon_tuesday/lemon_tuesday-webfont.ttf]
[kodanmal.com/font/Trade_Gothic/TradeGothicLTBold.eot]
[kodanmal.com/font/Trade_Gothic/TradeGothicLTBold.woff]
[kodanmal.com/font/Trade_Gothic/TradeGothicLTBold.ttf]
[kodanmal.com/font/Trade_Gothic/TradeGothicLT.eot]
[kodanmal.com/font/Trade_Gothic/TradeGothicLT.woff]
[kodanmal.com/font/Trade_Gothic/TradeGothicLT.ttf]
[kodanmal.com/font/Satisfy/satisfy-regular-webfont.woff]
[kodanmal.com/css/frontend/main.css]
[kodanmal.com/css/frontend/header.css]
[kodanmal.com/css/frontend/btn.css]
[kodanmal.com/css/frontend/selectbox.css]
[kodanmal.com/css/frontend/input.css]
[kodanmal.com/images/menu/wood_bg.png]
[kodanmal.com/css/frontend/menu.css]
[kodanmal.com/css/frontend/footer.css]
[kodanmal.com/images/amazing.png]
[kodanmal.com/css/frontend/home_new.css]
[www.googletagmanager.com/gtm5445.html]
[kodanmal.com/css/frontend/about_us.css]
[kodanmal.com/images/bg-aboutus.png]
[kodanmal.com/images/about-1.png]
[kodanmal.com/images/about-2.png]
[kodanmal.com/images/operate.png]
[kodanmal.com/images/Assurance.png]
[kodanmal.com/images/Different.png]
[kodanmal.com/about-us.html]
[kodanmal.com/images/Brands.png]
[kodanmal.com/css/frontend/exhibition18bf.css]
[kodanmal.com/images/exhibition/1.png]
[kodanmal.com/exhibition/2.html]
[kodanmal.com/uploads/exhibition/150/20180518163900-10917.png]
[kodanmal.com/exhibition/5.html]
[kodanmal.com/uploads/exhibition/150/20180518164305-86678.png]
[kodanmal.com/exhibition/6.html]
[kodanmal.com/uploads/exhibition/150/20190123173601-89521.jpg]
[kodanmal.com/exhibition/7.html]
[kodanmal.com/uploads/exhibition/150/20190123175929-55029.png]
[kodanmal.com/exhibition/8.html]
[kodanmal.com/uploads/exhibition/150/20190128152209-53041.png]
[kodanmal.com/exhibition/9.html]
[kodanmal.com/exhibition.html]
[kodanmal.com/uploads/exhibition/150/20190306113116-25447.jpg]
[kodanmal.com/css/frontend/market18bf.css]
[kodanmal.com/images/market.png]
[kodanmal.com/images/world_map.png]
[kodanmal.com/images/pin.png]
[kodanmal.com/market.html]
[kodanmal.com/css/frontend/contact_us.css]
[kodanmal.com/images/contact/location.png]
[kodanmal.com/images/contact/phone.png]
[kodanmal.com/images/contact/print.png]
[kodanmal.com/images/contact/mail.png]
[kodanmal.com/contact-us.html]
[kodanmal.com/order/step1.html]
[kodanmal.com/css/frontend/step.css]
[kodanmal.com/css/frontend/product_detail18bf.css]
[kodanmal.com/uploads/category/20180620101738-29053.png]
[kodanmal.com/uploads/category_brand/20180611113013-29672.png]
[kodanmal.com/uploads/category_brand1/20180621125929-64519.png]
[kodanmal.com/uploads/product/150/20180515091322-50469.png]
[kodanmal.com/uploads/product/150/20180515091345-15159.png]
[kodanmal.com/uploads/product/150/20180515091525-12351.png]
[kodanmal.com/uploads/product/150/20180516104518-47415.png]
[kodanmal.com/uploads/BGproduct/20180516132057-35013.png]
[kodanmal.com/uploads/media/300/20191224143859-86538.png]
[kodanmal.com/uploads/BGproduct/20180516132213-20624.png]
[kodanmal.com/uploads/media/300/20191224144112-19344.png]
[kodanmal.com/uploads/BGproduct/20180516114315-33351.png]
[kodanmal.com/uploads/media/300/20180629141906-49813.png]
[kodanmal.com/uploads/BGproduct/20180516114116-33212.png]
[kodanmal.com/uploads/media/300/20191224144508-45361.png]
[kodanmal.com/product/tuna.html]
[kodanmal.com/css/frontend/product_list18bf.css]
[kodanmal.com/uploads/category/20180517104927-93017.png]
[kodanmal.com/uploads/category_brand/20180611113100-87034.png]
[kodanmal.com/uploads/category_brand1/20180621125915-32325.png]
[kodanmal.com/uploads/category_product/250/20180629100341-85892.png]
[kodanmal.com/product/sardines.html]
[kodanmal.com/uploads/category_product/250/20180629100249-26837.png]
[kodanmal.com/product/sardines_mackerel.html]
[kodanmal.com/product/mackerel.html]
[kodanmal.com/uploads/category/20180517103541-37043.jpg]
[kodanmal.com/uploads/category_brand/20180605152724-70796.png]
[kodanmal.com/uploads/product/150/20180516153414-91555.png]
[kodanmal.com/uploads/product/150/20180516153734-51811.png]
[kodanmal.com/uploads/product/150/20180516154308-78195.png]
[kodanmal.com/uploads/product/150/20180518161734-69790.png]
[kodanmal.com/uploads/BGproduct/20180517104304-10218.png]
[kodanmal.com/uploads/media/300/20180607143804-99664.png]
[kodanmal.com/uploads/BGproduct/20180517104218-41103.png]
[kodanmal.com/uploads/media/300/20180607143555-72948.png]
[kodanmal.com/uploads/BGproduct/20180517104144-69778.png]
[kodanmal.com/uploads/media/300/20180607143425-23727.png]
[kodanmal.com/uploads/BGproduct/20180518161655-85944.png]
[kodanmal.com/uploads/media/300/20180607143315-44885.png]
[kodanmal.com/product/Pineapple.html]
[kodanmal.com/uploads/category/20180517113810-23475.png]
[kodanmal.com/uploads/category_brand/20180611113245-71104.png]
[kodanmal.com/uploads/product/150/20180517121329-58522.png]
[kodanmal.com/uploads/product/150/20180517121451-45928.png]
[kodanmal.com/uploads/product/150/20180517171452-55825.png]
[kodanmal.com/uploads/product/150/20180803111805-91725.png]
[kodanmal.com/uploads/BGproduct/20180517114456-96062.png]
[kodanmal.com/uploads/media/300/20180607143006-88988.png]
[kodanmal.com/uploads/BGproduct/20180925160831-28359.jpg]
[kodanmal.com/uploads/media/300/20180607142904-18894.png]
[kodanmal.com/uploads/BGproduct/20180517172052-69184.png]
[kodanmal.com/uploads/media/300/20180607142741-68202.png]
[kodanmal.com/uploads/BGproduct/20180803112102-16250.png]
[kodanmal.com/uploads/media/300/20180803112020-96477.png]
[kodanmal.com/product/corn.html]
[kodanmal.com/uploads/category/20180824173734-82378.jpg]
[kodanmal.com/uploads/category_brand/20180611113335-95361.png]
[kodanmal.com/uploads/product/150/20180709143917-16204.png]
[kodanmal.com/uploads/product/150/20180709143827-67883.png]
[kodanmal.com/uploads/product/150/20180709142727-80107.png]
[kodanmal.com/uploads/product/150/20180709144620-62486.png]
[kodanmal.com/uploads/product/150/20180709143246-71445.png]
[kodanmal.com/uploads/product/150/20180709134220-10477.png]
[kodanmal.com/uploads/product/150/20180709134415-15353.png]
[kodanmal.com/uploads/product/150/20180709134504-96925.png]
[kodanmal.com/uploads/product/150/20180709133950-25231.png]
[kodanmal.com/uploads/product/150/20180709135737-74035.png]
[kodanmal.com/uploads/product/150/20180709140254-13697.png]
[kodanmal.com/uploads/product/150/20180718101054-65866.png]
[kodanmal.com/uploads/product/150/20180709165409-89452.png]
[kodanmal.com/uploads/product/150/20180717112343-43586.png]
[kodanmal.com/uploads/product/150/20180711141653-73138.png]
[kodanmal.com/uploads/BGproduct/20180611123906-60329.jpg]
[kodanmal.com/uploads/media/300/20180709171626-20777.png]
[kodanmal.com/uploads/BGproduct/20180517103008-60406.png]
[kodanmal.com/uploads/media/300/20180709171542-34668.png]
[kodanmal.com/uploads/BGproduct/20180517103609-86599.png]
[kodanmal.com/uploads/media/300/20180709171437-51171.png]
[kodanmal.com/uploads/BGproduct/20180517103723-77568.png]
[kodanmal.com/uploads/media/300/20180709144105-53015.png]
[kodanmal.com/uploads/BGproduct/20180517103912-10710.png]
[kodanmal.com/uploads/media/300/20180709143214-42319.png]
[kodanmal.com/uploads/BGproduct/20180517174205-31163.png]
[kodanmal.com/uploads/media/300/20180709134133-81749.png]
[kodanmal.com/uploads/BGproduct/20180517174709-72676.png]
[kodanmal.com/uploads/media/300/20180709134340-74596.png]
[kodanmal.com/uploads/BGproduct/20180622150958-51589.jpg]
[kodanmal.com/uploads/media/300/20180709134551-60953.png]
[kodanmal.com/uploads/BGproduct/20180517175520-47969.png]
[kodanmal.com/uploads/media/300/20180709133852-53611.png]
[kodanmal.com/uploads/BGproduct/20180709173558-19419.jpg]
[kodanmal.com/uploads/media/300/20180709134839-56171.png]
[kodanmal.com/uploads/BGproduct/20180709142316-92599.jpg]
[kodanmal.com/uploads/media/300/20180709135944-35239.png]
[kodanmal.com/uploads/BGproduct/20180717134601-58768.jpg]
[kodanmal.com/uploads/media/300/20180718101303-98784.png]
[kodanmal.com/uploads/BGproduct/20180709171131-58854.jpg]
[kodanmal.com/uploads/media/300/20180709165527-18618.png]
[kodanmal.com/uploads/BGproduct/20180717134339-59943.png]
[kodanmal.com/uploads/media/300/20180717112455-35031.png]
[kodanmal.com/uploads/BGproduct/20180517174354-79158.png]
[kodanmal.com/uploads/media/300/20180711141448-27841.png]
[kodanmal.com/product/canned_fruits.html]
[kodanmal.com/uploads/category/20180824173951-30254.jpg]
[kodanmal.com/uploads/category_brand/20180611113316-64783.png]
[kodanmal.com/uploads/product/150/20180607150158-18774.png]
[kodanmal.com/uploads/product/150/20180607150222-85034.png]
[kodanmal.com/uploads/product/150/20180611145448-79130.png]
[kodanmal.com/uploads/product/150/20180607150323-40107.png]
[kodanmal.com/uploads/product/150/20180607145526-44779.png]
[kodanmal.com/uploads/product/150/20180607145156-30332.png]
[kodanmal.com/uploads/product/150/20180607145410-91130.png]
[kodanmal.com/uploads/product/150/20180607144234-99840.png]
[kodanmal.com/uploads/BGproduct/20180518143443-42833.png]
[kodanmal.com/uploads/media/300/20180607150118-78984.png]
[kodanmal.com/uploads/BGproduct/20180518150833-91668.png]
[kodanmal.com/uploads/media/300/20180607150244-48712.png]
[kodanmal.com/uploads/BGproduct/20180518151048-43398.png]
[kodanmal.com/uploads/media/300/20180611145522-94671.png]
[kodanmal.com/uploads/BGproduct/20180518151711-26613.png]
[kodanmal.com/uploads/media/300/20180607150341-11771.png]
[kodanmal.com/uploads/BGproduct/20180518152312-62522.png]
[kodanmal.com/uploads/media/300/20180607145548-75646.png]
[kodanmal.com/uploads/BGproduct/20180824170354-87672.jpg]
[kodanmal.com/uploads/media/300/20180607145217-54652.png]
[kodanmal.com/uploads/BGproduct/20180824170331-42475.jpg]
[kodanmal.com/uploads/media/300/20180607145330-27162.png]
[kodanmal.com/uploads/BGproduct/20180824170420-17702.jpg]
[kodanmal.com/uploads/media/300/20180607144208-14471.png]
[kodanmal.com/product/Canned_Vegetables.html]
[kodanmal.com/uploads/category/20191112155620-61066.jpg]
[kodanmal.com/images/proto.png]
[kodanmal.com/images/horizontal-line.png]
[kodanmal.com/images/AW-Green Garden Logo.png]
[kodanmal.com/uploads/product/150/20190814123804-36042.png]
[kodanmal.com/uploads/product/150/20190814123749-22727.png]
[kodanmal.com/uploads/product/150/20190814123737-59868.png]
[kodanmal.com/uploads/product/150/20190814123717-58042.png]
[kodanmal.com/uploads/product/150/20190814123659-79174.png]
[kodanmal.com/uploads/product/150/20190814123646-71407.png]
[kodanmal.com/uploads/product/150/20190814123626-88022.png]
[kodanmal.com/uploads/product/150/20190814123550-29960.png]
[kodanmal.com/uploads/product/150/20190814123529-68257.png]
[kodanmal.com/uploads/product/150/20190814123515-29756.png]
[kodanmal.com/uploads/product/150/20190814123504-68337.png]
[kodanmal.com/uploads/product/150/20190814123449-20782.png]
[kodanmal.com/uploads/product/150/20190814123436-61692.png]
[kodanmal.com/uploads/product/150/20190814123421-63284.png]
[kodanmal.com/uploads/product/150/20190814123313-78957.png]
[kodanmal.com/uploads/product/150/20190814123259-55386.png]
[kodanmal.com/uploads/product/150/20190814123216-99194.png]
[kodanmal.com/uploads/product/150/20190814123201-69083.png]
[kodanmal.com/uploads/product/150/20190814123142-18363.png]
[kodanmal.com/uploads/product/150/20190814123114-10456.png]
[kodanmal.com/uploads/product/150/20190814123101-79960.png]
[kodanmal.com/uploads/product/150/20190814085045-21011.png]
[kodanmal.com/uploads/product/150/20190814121106-40268.png]
[kodanmal.com/uploads/product/150/20190814121052-18704.png]
[kodanmal.com/uploads/product/150/20190814121038-99609.png]
[kodanmal.com/uploads/product/150/20190814121006-75904.png]
[kodanmal.com/uploads/product/150/20190814120731-87879.png]
[kodanmal.com/uploads/product/150/20190814120718-94276.png]
[kodanmal.com/uploads/product/150/20190814120703-57355.png]
[kodanmal.com/uploads/product/150/20190814093514-37717.png]
[kodanmal.com/uploads/product/150/20190814093502-73642.png]
[kodanmal.com/uploads/product/150/20190814093446-26210.png]
[kodanmal.com/uploads/product/150/20190814093437-34920.png]
[kodanmal.com/uploads/product/150/20190814091308-88011.png]
[kodanmal.com/uploads/product/150/20190814091247-35692.png]
[kodanmal.com/uploads/product/150/20190814091236-45210.png]
[kodanmal.com/uploads/product/150/20190814091228-21289.png]
[kodanmal.com/uploads/product/150/20190813105206-32850.png]
[kodanmal.com/uploads/product/150/20190814121923-96734.png]
[kodanmal.com/uploads/product/150/20190814091132-87700.png]
[kodanmal.com/uploads/product/150/20190814091116-21829.png]
[kodanmal.com/uploads/product/150/20190814091053-17805.png]
[kodanmal.com/uploads/product/150/20190814091043-89048.png]
[kodanmal.com/uploads/product/150/20190814091033-76665.png]
[kodanmal.com/uploads/product/150/20190814091016-83254.png]
[kodanmal.com/uploads/product/150/20190814091003-36692.png]
[kodanmal.com/uploads/product/150/20190814090952-61260.png]
[kodanmal.com/uploads/product/150/20190814090604-17643.png]
[kodanmal.com/uploads/product/150/20190814090754-81353.png]
[kodanmal.com/uploads/product/150/20190814090940-18967.png]
[kodanmal.com/uploads/product/150/20190814090929-58941.png]
[kodanmal.com/uploads/product/150/20190814090916-20558.png]
[kodanmal.com/uploads/product/150/20190814090902-70447.png]
[kodanmal.com/uploads/product/150/20190814090852-63219.png]
[kodanmal.com/uploads/product/150/20190814085235-43162.png]
[kodanmal.com/uploads/product/150/20190814085154-32214.png]
[kodanmal.com/uploads/product/150/20190814085130-51668.png]
[kodanmal.com/images/banner_f&v.png]
[kodanmal.com/product/fruits_vegetables.html]
[kodanmal.com/uploads/category/20180517110135-59241.png]
[kodanmal.com/uploads/category_brand/20180611113413-19870.png]
[kodanmal.com/uploads/product/150/20180720151240-35079.png]
[kodanmal.com/uploads/product/150/20180822165855-43671.png]
[kodanmal.com/uploads/product/150/20180720143131-18008.png]
[kodanmal.com/uploads/product/150/20180607155532-92636.png]
[kodanmal.com/uploads/product/150/20180717175729-18697.png]
[kodanmal.com/uploads/product/150/20180717180448-90886.png]
[kodanmal.com/uploads/product/150/20180821170042-37544.png]
[kodanmal.com/uploads/product/150/20180920173949-45700.png]
[kodanmal.com/uploads/product/150/20180920174355-94460.png]
[kodanmal.com/uploads/product/150/20180831164647-17771.png]
[kodanmal.com/uploads/BGproduct/20180517181723-21596.png]
[kodanmal.com/uploads/media/300/20180720151109-76633.png]
[kodanmal.com/uploads/BGproduct/20180720151421-23095.png]
[kodanmal.com/uploads/media/300/20180720145821-70054.png]
[kodanmal.com/uploads/BGproduct/20180517181355-83286.png]
[kodanmal.com/uploads/media/300/20180720143027-11687.png]
[kodanmal.com/uploads/BGproduct/20180517181205-27465.png]
[kodanmal.com/uploads/media/300/20180920171902-95469.png]
[kodanmal.com/uploads/BGproduct/20180717175732-68452.png]
[kodanmal.com/uploads/media/300/20180717175843-34873.png]
[kodanmal.com/uploads/BGproduct/20180717180451-63942.png]
[kodanmal.com/uploads/media/300/20180717180621-83524.png]
[kodanmal.com/uploads/BGproduct/20180821170527-82178.png]
[kodanmal.com/uploads/media/300/20180821170846-83004.png]
[kodanmal.com/uploads/BGproduct/20180821171108-32073.png]
[kodanmal.com/uploads/media/300/20180920174058-87168.png]
[kodanmal.com/uploads/BGproduct/20180731121808-36491.jpg]
[kodanmal.com/uploads/media/300/20180920174331-53363.png]
[kodanmal.com/uploads/BGproduct/20180831164646-22010.jpg]
[kodanmal.com/uploads/media/300/20180831164306-15936.png]
[kodanmal.com/product/coconut_milk.html]
[kodanmal.com/uploads/category/20180517111707-50807.jpg]
[kodanmal.com/uploads/category_brand/20180611143054-86450.png]
[kodanmal.com/uploads/product/150/20180620100721-95058.png]
[kodanmal.com/uploads/product/150/20180620100747-84356.png]
[kodanmal.com/uploads/product/150/20180620100700-52755.png]
[kodanmal.com/uploads/product/150/20180823131553-72076.png]
[kodanmal.com/uploads/product/150/20180823140334-30430.png]
[kodanmal.com/uploads/product/150/20180823140925-70596.png]
[kodanmal.com/uploads/product/150/20180823141328-23861.png]
[kodanmal.com/uploads/product/150/20180829134309-78510.png]
[kodanmal.com/uploads/product/150/20180829135002-40871.png]
[kodanmal.com/uploads/product/150/20180829135421-83394.png]
[kodanmal.com/uploads/BGproduct/20180517111430-49049.jpg]
[kodanmal.com/uploads/media/300/20180620101029-13952.png]
[kodanmal.com/uploads/BGproduct/20180517111259-30799.jpg]
[kodanmal.com/uploads/media/300/20180620101001-94063.png]
[kodanmal.com/uploads/BGproduct/20180517111149-97940.jpg]
[kodanmal.com/uploads/media/300/20180620100929-30973.png]
[kodanmal.com/uploads/BGproduct/20180823140748-16650.jpg]
[kodanmal.com/uploads/media/300/20180823140422-48128.png]
[kodanmal.com/uploads/BGproduct/20180823140715-58283.jpg]
[kodanmal.com/uploads/media/300/20180823140254-95129.png]
[kodanmal.com/uploads/BGproduct/20180823140927-15343.jpg]
[kodanmal.com/uploads/media/300/20180823141154-68530.png]
[kodanmal.com/uploads/BGproduct/20180823141330-77581.jpg]
[kodanmal.com/uploads/media/300/20180823142955-90808.png]
[kodanmal.com/uploads/BGproduct/20180824163814-62205.jpg]
[kodanmal.com/uploads/media/300/20180829134621-29789.png]
[kodanmal.com/uploads/BGproduct/20180824163749-12720.jpg]
[kodanmal.com/uploads/media/300/20180829134938-16968.png]
[kodanmal.com/uploads/BGproduct/20180824163801-13094.jpg]
[kodanmal.com/product/tamarind.html]
[kodanmal.com/uploads/media/300/20180829135440-28773.png]
[kodanmal.com/uploads/category/20180517111938-21313.png]
[kodanmal.com/uploads/product/150/20180713144550-22213.png]
[kodanmal.com/uploads/product/150/20180713143921-60326.png]
[kodanmal.com/uploads/product/150/20180713141530-61661.png]
[kodanmal.com/uploads/product/150/20180713141441-22387.png]
[kodanmal.com/uploads/product/150/20180713141327-91533.png]
[kodanmal.com/uploads/product/150/20180713141250-27791.png]
[kodanmal.com/uploads/product/150/20180713141211-48728.png]
[kodanmal.com/uploads/product/150/20180713141117-75753.png]
[kodanmal.com/uploads/BGproduct/20180517112228-28374.png]
[kodanmal.com/uploads/media/300/20180713144613-85519.png]
[kodanmal.com/uploads/BGproduct/20180517112208-77286.png]
[kodanmal.com/uploads/media/300/20180713143820-29386.png]
[kodanmal.com/uploads/BGproduct/20180517112121-34070.png]
[kodanmal.com/uploads/media/300/20180723154610-30251.png]
[kodanmal.com/uploads/BGproduct/20180713132736-13192.png]
[kodanmal.com/uploads/media/300/20180713141502-92231.png]
[kodanmal.com/uploads/BGproduct/20180713133236-90553.png]
[kodanmal.com/uploads/media/300/20180713141423-80708.png]
[kodanmal.com/uploads/BGproduct/20180713133629-95454.png]
[kodanmal.com/uploads/media/300/20180713141307-39905.png]
[kodanmal.com/uploads/BGproduct/20180713134158-10374.png]
[kodanmal.com/uploads/media/300/20180713141229-60223.png]
[kodanmal.com/uploads/BGproduct/20180713134426-89775.png]
[kodanmal.com/uploads/media/300/20180713141136-70804.png]
[kodanmal.com/product/thai_rice.html]
[kodanmal.com/uploads/category/20180517113345-40375.png]
[kodanmal.com/uploads/category_brand/20180611113351-11369.png]
[kodanmal.com/uploads/category_product/250/20180712152558-60018.png]
[kodanmal.com/product/basilseed.html]
[kodanmal.com/uploads/category_product/250/20180712152644-24905.png]
[kodanmal.com/product/chia_seed_drink.html]
[kodanmal.com/uploads/category_product/250/20180712153058-63217.png]
[kodanmal.com/product/basilseed_plastic.html]
[kodanmal.com/uploads/category_product/250/20180716131807-21755.png]
[kodanmal.com/product/canned-fruit-juice.html]
[kodanmal.com/uploads/category_product/250/20180712152719-78910.png]
[kodanmal.com/product/soy_milk_drink.html]
[kodanmal.com/uploads/category_product/250/20180712152753-15642.png]
[kodanmal.com/product/coconut-milk-drink.html]
[kodanmal.com/uploads/category_product/250/20180712152843-56773.png]
[kodanmal.com/product/canned-coconut-juice.html]
[kodanmal.com/uploads/category_product/250/20180712152913-62490.png]
[kodanmal.com/product/coconut_water.html]
[kodanmal.com/uploads/category_product/250/20181005144025-39884.png]
[kodanmal.com/product/Canned Coffee and Tea Drink.html]
[kodanmal.com/uploads/category_product/250/20181005144008-73561.png]
[kodanmal.com/product/Fire Squad.html]
[kodanmal.com/uploads/category_product/250/20181005152046-35769.png]
[kodanmal.com/product/Canned Sports Drink.html]
[kodanmal.com/uploads/category_product/250/20190128164824-19781.png]
[kodanmal.com/product/beverage-drinks.html]
[kodanmal.com/product/milk_drink.html]
[kodanmal.com/uploads/category/20180517113623-94020.png]
[kodanmal.com/uploads/product/150/20180607160346-39269.png]
[kodanmal.com/uploads/product/150/20180607160217-50871.png]
[kodanmal.com/uploads/product/150/20180607160256-51854.png]
[kodanmal.com/uploads/product/150/20180607160055-32284.png]
[kodanmal.com/uploads/product/150/20180607155923-44174.png]
[kodanmal.com/uploads/product/150/20180607155857-26201.png]
[kodanmal.com/uploads/product/150/20180607155812-29145.png]
[kodanmal.com/uploads/product/150/20180607155734-12926.png]
[kodanmal.com/uploads/product/150/20180921171308-48727.png]
[kodanmal.com/uploads/product/150/20180921173640-34038.jpg]
[kodanmal.com/uploads/product/150/20180921171934-35506.jpg]
[kodanmal.com/uploads/BGproduct/20180517182503-64222.jpg]
[kodanmal.com/uploads/media/300/20180517182940-19727.png]
[kodanmal.com/uploads/BGproduct/20180517185105-69302.jpg]
[kodanmal.com/uploads/media/300/20180517185027-11267.png]
[kodanmal.com/uploads/BGproduct/20180517184849-95928.jpg]
[kodanmal.com/uploads/media/300/20180517184948-48961.png]
[kodanmal.com/uploads/BGproduct/20180517185205-34813.jpg]
[kodanmal.com/uploads/media/300/20180517185309-30854.png]
[kodanmal.com/uploads/BGproduct/20180517182554-26765.jpg]
[kodanmal.com/uploads/media/300/20180517183115-39352.png]
[kodanmal.com/uploads/BGproduct/20180517182755-13320.jpg]
[kodanmal.com/uploads/media/300/20180517183222-62087.png]
[kodanmal.com/uploads/BGproduct/20180517183557-62202.jpg]
[kodanmal.com/uploads/media/300/20180517183357-73012.png]
[kodanmal.com/uploads/BGproduct/20180517184142-50837.jpg]
[kodanmal.com/uploads/media/300/20180517184708-19118.png]
[kodanmal.com/uploads/BGproduct/20180921171310-51421.png]
[kodanmal.com/uploads/media/300/20180921171515-53999.png]
[kodanmal.com/uploads/BGproduct/20180921173636-80399.png]
[kodanmal.com/uploads/media/300/20180921173402-11663.jpg]
[kodanmal.com/uploads/BGproduct/20180921171942-63986.png]
[kodanmal.com/product/sugar.html]
[kodanmal.com/uploads/media/300/20180921172222-99035.jpg]
[kodanmal.com/uploads/category/20180807153236-58619.jpg]
[kodanmal.com/uploads/category_product/250/20180809122128-90087.png]
[kodanmal.com/product/Frozen_Fruit.html]
[kodanmal.com/uploads/category_product/250/20180809124818-98404.png]
[kodanmal.com/product/frozen_product.html]
[kodanmal.com/product/Icecream.html]
[kodanmal.com/uploads/category/20180807140642-88932.jpg]
[kodanmal.com/uploads/category_product/250/20180807141147-17537.png]
[kodanmal.com/product/Flour.html]
[kodanmal.com/uploads/category_product/250/20180807143403-89808.png]
[kodanmal.com/product/flour_and_noodle.html]
[kodanmal.com/product/pineapple-2.html]
[kodanmal.com/download-catalog.html]
[kodanmal.com/assets/global/plugins/fontawesome-free-5/web-fonts-with-css/webfonts/fa-brands-400.html]
[kodanmal.com/assets/global/plugins/fontawesome-free-5/web-fonts-with-css/webfonts/fa-brands-400.svg]
[kodanmal.com/assets/global/plugins/fontawesome-free-5/web-fonts-with-css/webfonts/fa-regular-400.html]
[kodanmal.com/assets/global/plugins/fontawesome-free-5/web-fonts-with-css/webfonts/fa-regular-400.svg]
[kodanmal.com/assets/global/plugins/fontawesome-free-5/web-fonts-with-css/webfonts/fa-solid-900.html]
[kodanmal.com/assets/global/plugins/fontawesome-free-5/web-fonts-with-css/webfonts/fa-solid-900.svg]
[kodanmal.com/css/frontend/flaticon/font/Flaticon.svg]
[kodanmal.com/font/caveat/caveat-bold.html]
[kodanmal.com/font/caveat/caveat-boldd41d.html]
[kodanmal.com/font/caveat/caveat-bold-2.html]
[kodanmal.com/font/caveat/caveat-bold-3.html]
[kodanmal.com/font/caveat/caveat-bold-4.html]
[kodanmal.com/font/dk_southwark/dk_southwark-webfont.html]
[kodanmal.com/font/dk_southwark/dk_southwark-webfont.svg]
[kodanmal.com/font/dk_traiectum/dk_traiectum-webfont.html]
[kodanmal.com/font/dk_traiectum/dk_traiectum-webfont.svg]
[kodanmal.com/font/museo_slab_500/museo_slab_500-webfont.html]
[kodanmal.com/font/museo_slab_500/museo_slab_500-webfont.svg]
[kodanmal.com/font/lemon_tuesday/lemon_tuesday-webfont.html]
[kodanmal.com/font/lemon_tuesday/lemon_tuesday-webfont.svg]
[kodanmal.com/font/Trade_Gothic/TradeGothicLTBold.html]
[kodanmal.com/product/Noodle.html]
[kodanmal.com/font/Trade_Gothic/TradeGothicLTBold.svg]
[kodanmal.com/font/Trade_Gothic/TradeGothicLT.html]
[kodanmal.com/font/Trade_Gothic/TradeGothicLT.svg]
[kodanmal.com/font/Satisfy/satisfy-regular-webfont.html]
[kodanmal.com/images/menu/tuna.svg]
[kodanmal.com/css/frontend/about_us.css]
[kodanmal.com/css/frontend/exhibition18bf.css]
[kodanmal.com/css/frontend/exhibition_detail.css]
[kodanmal.com/uploads/exhibition/20180518163900-10917.png]
[kodanmal.com/images/exhibition-detail/1.png]
[kodanmal.com/images/exhibition-detail/2.png]
[kodanmal.com/exhibition/2.html]
[kodanmal.com/uploads/exhibition/20180518164305-86678.png]
[kodanmal.com/exhibition/5.html]
[kodanmal.com/uploads/exhibition/20190123173601-89521.jpg]
[kodanmal.com/exhibition/6.html]
[kodanmal.com/uploads/exhibition/20190123175929-55029.png]
[kodanmal.com/exhibition/7.html]
[kodanmal.com/uploads/exhibition/20190128152209-53041.png]
[kodanmal.com/exhibition/8.html]
[kodanmal.com/uploads/exhibition/20190306113116-25447.jpg]
[kodanmal.com/exhibition/9.html]
[kodanmal.com/css/frontend/market18bf.css]
[kodanmal.com/css/frontend/contact_us.css]
[kodanmal.com/css/frontend/step.css]
[kodanmal.com/css/frontend/product_detail18bf.css]
[kodanmal.com/css/frontend/product_list18bf.css]
[kodanmal.com/uploads/category/20180611163438-71033.png]
[kodanmal.com/uploads/category_brand/20180611160035-35457.png]
[kodanmal.com/uploads/category_brand1/20180621125717-40092.png]
[kodanmal.com/uploads/product/150/20180611101756-66412.png]
[kodanmal.com/uploads/product/150/20180607135852-89072.png]
[kodanmal.com/uploads/product/150/20180821111954-57443.png]
[kodanmal.com/uploads/product/150/20180821112026-50254.png]
[kodanmal.com/uploads/product/150/20180821161140-37221.png]
[kodanmal.com/uploads/BGproduct/20180516154145-23998.png]
[kodanmal.com/uploads/media/300/20180611101335-22077.png]
[kodanmal.com/uploads/BGproduct/20180516160539-52178.png]
[kodanmal.com/uploads/media/300/20180516160414-54153.png]
[kodanmal.com/uploads/BGproduct/20180516155218-30356.png]
[kodanmal.com/uploads/media/300/20180821113009-99689.png]
[kodanmal.com/uploads/BGproduct/20180516161101-45018.png]
[kodanmal.com/uploads/media/300/20180821112437-36363.png]
[kodanmal.com/uploads/BGproduct/20180516161543-82993.png]
[kodanmal.com/product/sardines.html]
[kodanmal.com/uploads/media/300/20180607154216-92537.png]
[kodanmal.com/uploads/category/20180629100829-24306.png]
[kodanmal.com/uploads/category_brand/20180611160308-42106.png]
[kodanmal.com/uploads/category_brand1/20180621125700-68445.png]
[kodanmal.com/uploads/product/150/20180607140835-81518.png]
[kodanmal.com/uploads/product/150/20180607141416-84388.png]
[kodanmal.com/uploads/product/150/20180821105557-98613.png]
[kodanmal.com/uploads/product/150/20180821154810-55668.png]
[kodanmal.com/uploads/product/150/20180821161105-26633.png]
[kodanmal.com/uploads/BGproduct/20180517190155-55643.png]
[kodanmal.com/uploads/media/300/20180607153526-71799.png]
[kodanmal.com/uploads/BGproduct/20180517190042-29617.png]
[kodanmal.com/uploads/media/300/20180607153212-11305.png]
[kodanmal.com/uploads/BGproduct/20180517185919-75147.png]
[kodanmal.com/uploads/media/300/20180821110116-32791.png]
[kodanmal.com/uploads/BGproduct/20180517185616-19853.png]
[kodanmal.com/uploads/media/300/20180821111347-65989.png]
[kodanmal.com/uploads/BGproduct/20180517185426-96894.png]
[kodanmal.com/uploads/media/300/20180607151648-20872.png]
[kodanmal.com/product/mackerel.html]
[kodanmal.com/uploads/category/20180629101400-81690.png]
[kodanmal.com/uploads/category_brand/20180629101708-56935.png]
[kodanmal.com/uploads/product/150/20180712113650-10546.png]
[kodanmal.com/uploads/product/150/20180712133617-49719.png]
[kodanmal.com/uploads/product/150/20180712112749-56856.png]
[kodanmal.com/uploads/product/150/20180712133321-47096.png]
[kodanmal.com/uploads/product/150/20180712132905-83152.png]
[kodanmal.com/uploads/product/150/20180712131227-80742.png]
[kodanmal.com/uploads/product/150/20180712134034-91163.png]
[kodanmal.com/uploads/product/150/20180712132131-31822.png]
[kodanmal.com/uploads/BGproduct/20180712154649-92026.jpg]
[kodanmal.com/uploads/media/300/20180712113706-41677.png]
[kodanmal.com/uploads/BGproduct/20180712154403-21336.jpg]
[kodanmal.com/uploads/media/300/20180712133639-84909.png]
[kodanmal.com/uploads/BGproduct/20180712154305-25176.jpg]
[kodanmal.com/uploads/media/300/20180712112722-28076.png]
[kodanmal.com/uploads/BGproduct/20180712154227-14611.jpg]
[kodanmal.com/uploads/media/300/20180712133441-28745.png]
[kodanmal.com/uploads/BGproduct/20180712154007-54676.jpg]
[kodanmal.com/uploads/media/300/20180712132920-43272.png]
[kodanmal.com/uploads/BGproduct/20180712153937-29314.jpg]
[kodanmal.com/uploads/media/300/20180712131202-15808.png]
[kodanmal.com/uploads/BGproduct/20180712153819-85076.jpg]
[kodanmal.com/uploads/media/300/20180712134051-42956.png]
[kodanmal.com/uploads/BGproduct/20180712153750-61600.jpg]
[kodanmal.com/uploads/media/300/20180712132147-85158.png]
[kodanmal.com/product/basilseed.html]
[kodanmal.com/uploads/category/20180629115353-49201.jpg]
[kodanmal.com/uploads/category_brand/20180629115209-25276.png]
[kodanmal.com/uploads/product/150/20180712114748-82373.png]
[kodanmal.com/uploads/product/150/20180712115711-28127.png]
[kodanmal.com/uploads/product/150/20180712111854-56063.png]
[kodanmal.com/uploads/product/150/20180712115600-72745.png]
[kodanmal.com/uploads/product/150/20180712115456-49649.png]
[kodanmal.com/uploads/product/150/20180712111551-33873.png]
[kodanmal.com/uploads/BGproduct/20180712142259-73880.jpg]
[kodanmal.com/uploads/media/300/20180712114724-89890.png]
[kodanmal.com/uploads/BGproduct/20180712142630-15915.jpg]
[kodanmal.com/uploads/media/300/20180712115727-52387.png]
[kodanmal.com/uploads/BGproduct/20180712155036-92711.jpg]
[kodanmal.com/uploads/media/300/20180712111916-65503.png]
[kodanmal.com/uploads/BGproduct/20180712142429-81688.jpg]
[kodanmal.com/uploads/media/300/20180712115540-86100.png]
[kodanmal.com/uploads/BGproduct/20180712142501-99486.jpg]
[kodanmal.com/uploads/media/300/20180712115437-35899.png]
[kodanmal.com/uploads/BGproduct/20180712142411-18132.jpg]
[kodanmal.com/uploads/media/300/20180712111521-57723.png]
[kodanmal.com/product/chia_seed_drink.html]
[kodanmal.com/uploads/category/20180705160950-50157.jpg]
[kodanmal.com/uploads/category_brand/20180705134959-21111.png]
[kodanmal.com/uploads/product/150/20180705144546-81847.png]
[kodanmal.com/uploads/product/150/20180705163413-21954.png]
[kodanmal.com/uploads/product/150/20180705164340-18852.png]
[kodanmal.com/uploads/product/150/20180705165554-70582.png]
[kodanmal.com/uploads/product/150/20180705171505-33087.png]
[kodanmal.com/uploads/product/150/20180705171657-51081.png]
[kodanmal.com/uploads/BGproduct/20180717115615-56226.jpg]
[kodanmal.com/uploads/media/300/20180705135226-14040.png]
[kodanmal.com/uploads/BGproduct/20180705163334-14915.jpg]
[kodanmal.com/uploads/media/300/20180705163652-58464.png]
[kodanmal.com/uploads/BGproduct/20180705164341-14638.jpg]
[kodanmal.com/uploads/media/300/20180705164425-70292.png]
[kodanmal.com/uploads/BGproduct/20180705170747-69106.jpg]
[kodanmal.com/uploads/media/300/20180705171057-10573.png]
[kodanmal.com/uploads/BGproduct/20180705171949-39456.jpg]
[kodanmal.com/uploads/media/300/20180705171550-78892.png]
[kodanmal.com/uploads/BGproduct/20180705172132-45276.jpg]
[kodanmal.com/uploads/media/300/20180705171720-28044.png]
[kodanmal.com/product/basilseed_plastic.html]
[kodanmal.com/uploads/category/20180717114600-31707.jpg]
[kodanmal.com/uploads/product/150/20180716152108-50018.png]
[kodanmal.com/uploads/product/150/20180716152854-57400.png]
[kodanmal.com/uploads/product/150/20180716152245-83866.png]
[kodanmal.com/uploads/product/150/20180716152349-88243.png]
[kodanmal.com/uploads/product/150/20180716152455-26625.png]
[kodanmal.com/uploads/product/150/20180716152552-35841.png]
[kodanmal.com/uploads/product/150/20180716152752-14723.png]
[kodanmal.com/uploads/product/150/20180716161009-43175.png]
[kodanmal.com/uploads/product/150/20180716134825-73114.png]
[kodanmal.com/uploads/BGproduct/20180716155649-79904.jpg]
[kodanmal.com/uploads/media/300/20180716152150-86562.png]
[kodanmal.com/uploads/BGproduct/20180717113716-25797.jpg]
[kodanmal.com/uploads/media/300/20180716152925-88032.png]
[kodanmal.com/uploads/BGproduct/20180716162614-17385.jpg]
[kodanmal.com/uploads/media/300/20180716152311-26549.png]
[kodanmal.com/uploads/BGproduct/20180717115009-53932.jpg]
[kodanmal.com/uploads/media/300/20180716152412-96435.png]
[kodanmal.com/uploads/BGproduct/20180716161332-63529.jpg]
[kodanmal.com/uploads/media/300/20180716152517-50099.png]
[kodanmal.com/uploads/BGproduct/20180716155503-67192.jpg]
[kodanmal.com/uploads/media/300/20180716152614-62267.png]
[kodanmal.com/uploads/BGproduct/20180716155330-32691.jpg]
[kodanmal.com/uploads/media/300/20180716152814-89448.png]
[kodanmal.com/uploads/BGproduct/20180717114346-38801.jpg]
[kodanmal.com/uploads/media/300/20180716142433-93668.png]
[kodanmal.com/uploads/BGproduct/20180717164806-95443.jpg]
[kodanmal.com/uploads/media/300/20180716135011-58839.png]
[kodanmal.com/product/canned-fruit-juice.html]
[kodanmal.com/uploads/category/20180629115540-80653.jpg]
[kodanmal.com/uploads/category_brand/20180629104539-79996.png]
[kodanmal.com/uploads/product/150/20180712151530-59544.png]
[kodanmal.com/uploads/product/150/20180712151346-37882.png]
[kodanmal.com/uploads/product/150/20180712151141-34999.png]
[kodanmal.com/uploads/BGproduct/20180712151526-58821.jpg]
[kodanmal.com/uploads/media/300/20180712151446-99423.png]
[kodanmal.com/uploads/BGproduct/20180712144246-96475.jpg]
[kodanmal.com/uploads/media/300/20180712153231-63051.png]
[kodanmal.com/uploads/BGproduct/20180712143339-26608.jpg]
[kodanmal.com/uploads/media/300/20180712151200-93681.png]
[kodanmal.com/product/soy_milk_drink.html]
[kodanmal.com/uploads/category/20180629103629-51294.png]
[kodanmal.com/uploads/category_brand/20180629104709-46765.png]
[kodanmal.com/uploads/product/150/20180712151052-53536.png]
[kodanmal.com/uploads/product/150/20180712150013-59815.png]
[kodanmal.com/uploads/product/150/20180712112240-39870.png]
[kodanmal.com/uploads/product/150/20180712145947-85844.png]
[kodanmal.com/uploads/product/150/20180710191528-37477.jpg]
[kodanmal.com/uploads/product/150/20180710210733-75663.jpg]
[kodanmal.com/uploads/product/150/20180710211441-77395.jpg]
[kodanmal.com/uploads/product/150/20180710211659-38552.jpg]
[kodanmal.com/uploads/product/150/20180820094647-58456.png]
[kodanmal.com/uploads/BGproduct/20180712144129-24024.jpg]
[kodanmal.com/uploads/media/300/20180716135234-96022.png]
[kodanmal.com/uploads/BGproduct/20180712144101-54776.jpg]
[kodanmal.com/uploads/media/300/20180712150035-21164.png]
[kodanmal.com/uploads/BGproduct/20180712144036-25166.jpg]
[kodanmal.com/uploads/media/300/20180712112216-62253.png]
[kodanmal.com/uploads/BGproduct/20180712143949-25039.jpg]
[kodanmal.com/uploads/media/300/20180716135157-83398.png]
[kodanmal.com/uploads/BGproduct/20180712135702-96341.jpg]
[kodanmal.com/uploads/media/300/20180710212736-42440.png]
[kodanmal.com/uploads/BGproduct/20180712135721-13570.jpg]
[kodanmal.com/uploads/media/300/20180710212929-42748.png]
[kodanmal.com/uploads/BGproduct/20180712135646-64300.jpg]
[kodanmal.com/uploads/media/300/20180710213111-95027.png]
[kodanmal.com/uploads/BGproduct/20180712135629-63534.jpg]
[kodanmal.com/uploads/media/300/20180710213459-28453.png]
[kodanmal.com/uploads/BGproduct/20180822172941-51405.jpg]
[kodanmal.com/uploads/media/300/20180820094725-32410.png]
[kodanmal.com/product/coconut-milk-drink.html]
[kodanmal.com/uploads/category/20180629114740-34721.jpg]
[kodanmal.com/uploads/category_brand/20180629105336-34242.png]
[kodanmal.com/uploads/product/150/20180712152350-50196.png]
[kodanmal.com/uploads/BGproduct/20180717163838-21410.jpg]
[kodanmal.com/uploads/media/300/20180717163948-87431.png]
[kodanmal.com/product/canned-coconut-juice.html]
[kodanmal.com/uploads/category/20180629114811-56913.jpg]
[kodanmal.com/uploads/category_brand/20180629105742-15513.png]
[kodanmal.com/uploads/product/150/20180712112337-41197.png]
[kodanmal.com/uploads/BGproduct/20180712140437-75755.jpg]
[kodanmal.com/uploads/media/300/20180712112317-99796.png]
[kodanmal.com/product/coconut_water.html]
[kodanmal.com/uploads/category/20181005135743-17247.jpg]
[kodanmal.com/uploads/category_brand/20181005140023-36656.png]
[kodanmal.com/uploads/product/150/20181005140326-97983.png]
[kodanmal.com/uploads/product/150/20181005140755-99971.png]
[kodanmal.com/uploads/product/150/20181005140830-97062.png]
[kodanmal.com/uploads/product/150/20181005140854-26455.png]
[kodanmal.com/uploads/BGproduct/20181005145817-75094.jpg]
[kodanmal.com/uploads/media/300/20181005141605-23697.png]
[kodanmal.com/uploads/BGproduct/20181005145805-33620.jpg]
[kodanmal.com/uploads/media/300/20181005141809-22301.png]
[kodanmal.com/uploads/BGproduct/20181005145755-31654.jpg]
[kodanmal.com/uploads/media/300/20181005142154-17492.png]
[kodanmal.com/uploads/BGproduct/20181005145705-73148.jpg]
[kodanmal.com/uploads/media/300/20181005142126-73709.png]
[kodanmal.com/product/Canned Coffee and Tea Drink.html]
[kodanmal.com/uploads/category/20181005143917-21575.jpg]
[kodanmal.com/uploads/category_brand/20181005144140-61033.png]
[kodanmal.com/uploads/product/150/20181005144230-38857.png]
[kodanmal.com/uploads/product/150/20181005144257-80213.png]
[kodanmal.com/uploads/product/150/20181005144314-44468.png]
[kodanmal.com/uploads/BGproduct/20181005162604-86876.jpg]
[kodanmal.com/uploads/media/300/20181005145606-26829.png]
[kodanmal.com/uploads/BGproduct/20181005162552-56871.jpg]
[kodanmal.com/uploads/media/300/20181005145542-59602.png]
[kodanmal.com/uploads/BGproduct/20181005162538-74848.jpg]
[kodanmal.com/uploads/media/300/20181005145512-23006.png]
[kodanmal.com/product/Fire Squad.html]
[kodanmal.com/uploads/category/20181005152045-13695.jpg]
[kodanmal.com/uploads/category_brand/20181005152046-80892.png]
[kodanmal.com/uploads/product/150/20181005152216-59894.png]
[kodanmal.com/uploads/product/150/20181005152335-14141.png]
[kodanmal.com/uploads/product/150/20181005152415-44944.png]
[kodanmal.com/uploads/product/150/20181005152507-42684.png]
[kodanmal.com/uploads/BGproduct/20181005162525-22033.jpg]
[kodanmal.com/uploads/media/300/20181005152235-47892.png]
[kodanmal.com/uploads/BGproduct/20181005162515-73899.jpg]
[kodanmal.com/uploads/media/300/20181005152351-85991.png]
[kodanmal.com/uploads/BGproduct/20181005162505-84296.jpg]
[kodanmal.com/uploads/media/300/20181005152431-59392.png]
[kodanmal.com/uploads/BGproduct/20181005162456-13118.jpg]
[kodanmal.com/uploads/media/300/20181005152520-25136.png]
[kodanmal.com/product/Canned Sports Drink.html]
[kodanmal.com/uploads/category/20190128162648-99769.jpg]
[kodanmal.com/uploads/product/150/20190128165547-88136.png]
[kodanmal.com/uploads/product/150/20190128165727-18706.png]
[kodanmal.com/uploads/product/150/20190128165937-53778.png]
[kodanmal.com/uploads/product/150/20190128170301-61063.png]
[kodanmal.com/uploads/product/150/20190128170342-30738.png]
[kodanmal.com/uploads/BGproduct/20190128165548-27903.jpg]
[kodanmal.com/uploads/media/300/20190128170901-89105.png]
[kodanmal.com/uploads/BGproduct/20190128165728-90562.jpg]
[kodanmal.com/uploads/media/300/20190128170837-60120.png]
[kodanmal.com/uploads/BGproduct/20190128165938-10680.jpg]
[kodanmal.com/uploads/media/300/20190128170814-40000.png]
[kodanmal.com/uploads/BGproduct/20190128170302-33123.jpg]
[kodanmal.com/uploads/media/300/20190128170748-80110.png]
[kodanmal.com/uploads/BGproduct/20190128170343-27844.jpg]
[kodanmal.com/uploads/media/300/20190128170721-31317.png]
[kodanmal.com/product/milk_drink.html]
[kodanmal.com/uploads/category/20180814104202-99920.png]
[kodanmal.com/uploads/product/150/20180809122738-67267.png]
[kodanmal.com/uploads/product/150/20180809121955-87871.png]
[kodanmal.com/uploads/product/150/20180809122052-10787.png]
[kodanmal.com/uploads/product/150/20180820140920-92801.png]
[kodanmal.com/uploads/product/150/20180809123848-94671.png]
[kodanmal.com/uploads/product/150/20180809124306-56061.png]
[kodanmal.com/uploads/BGproduct/20180809121818-80309.jpg]
[kodanmal.com/uploads/media/300/20180809124419-98467.png]
[kodanmal.com/uploads/BGproduct/20180809121955-18032.jpg]
[kodanmal.com/uploads/media/300/20180809124507-74065.png]
[kodanmal.com/uploads/BGproduct/20180809122053-81172.jpg]
[kodanmal.com/uploads/media/300/20180809124551-26859.png]
[kodanmal.com/uploads/BGproduct/20180809122642-26810.jpg]
[kodanmal.com/uploads/media/300/20180820140953-22153.png]
[kodanmal.com/uploads/BGproduct/20180809123949-98806.jpg]
[kodanmal.com/uploads/media/300/20180809124706-68222.png]
[kodanmal.com/uploads/BGproduct/20180809124307-67233.jpg]
[kodanmal.com/uploads/media/300/20180809124733-99706.png]
[kodanmal.com/product/Frozen_Fruit.html]
[kodanmal.com/uploads/category/20180807153427-96615.jpg]
[kodanmal.com/uploads/product/150/20180820140803-56292.png]
[kodanmal.com/uploads/product/150/20180820140746-37293.png]
[kodanmal.com/uploads/product/150/20180809125115-48840.png]
[kodanmal.com/uploads/product/150/20180809125318-25762.png]
[kodanmal.com/uploads/BGproduct/20180809124919-60250.jpg]
[kodanmal.com/uploads/media/300/20180809125409-58288.png]
[kodanmal.com/uploads/BGproduct/20180809124959-10410.jpg]
[kodanmal.com/uploads/media/300/20180809125441-88610.png]
[kodanmal.com/uploads/BGproduct/20180809125115-71393.jpg]
[kodanmal.com/uploads/media/300/20180809125506-52590.png]
[kodanmal.com/uploads/BGproduct/20180809125318-99765.jpg]
[kodanmal.com/uploads/media/300/20180809125541-20694.png]
[kodanmal.com/product/Icecream.html]
[kodanmal.com/uploads/category/20180807141115-39802.jpg]
[kodanmal.com/uploads/product/150/20180809102205-29524.png]
[kodanmal.com/uploads/product/150/20180809102547-68455.png]
[kodanmal.com/uploads/product/150/20180809102623-39030.png]
[kodanmal.com/uploads/product/150/20180809105501-48612.png]
[kodanmal.com/uploads/product/150/20181107090352-32178.png]
[kodanmal.com/uploads/product/150/20180809111939-46284.png]
[kodanmal.com/uploads/product/150/20180809103824-43901.png]
[kodanmal.com/uploads/product/150/20180809103124-46141.png]
[kodanmal.com/uploads/product/150/20180809104723-49264.png]
[kodanmal.com/uploads/BGproduct/20180809102834-39633.jpg]
[kodanmal.com/uploads/media/300/20180809112434-28746.png]
[kodanmal.com/uploads/BGproduct/20180809102847-14576.jpg]
[kodanmal.com/uploads/media/300/20180809112548-37356.png]
[kodanmal.com/uploads/BGproduct/20180809102918-73681.jpg]
[kodanmal.com/uploads/media/300/20180809112812-66395.png]
[kodanmal.com/uploads/BGproduct/20180809105502-86368.jpg]
[kodanmal.com/uploads/media/300/20180809114432-53173.png]
[kodanmal.com/uploads/BGproduct/20181107085919-78042.jpg]
[kodanmal.com/uploads/media/300/20181107090406-26701.png]
[kodanmal.com/uploads/BGproduct/20180809111940-23497.jpg]
[kodanmal.com/uploads/media/300/20180809114829-22736.png]
[kodanmal.com/uploads/BGproduct/20180809105054-32541.jpg]
[kodanmal.com/uploads/media/300/20180809113922-64268.png]
[kodanmal.com/uploads/BGproduct/20180809105141-18267.jpg]
[kodanmal.com/uploads/media/300/20180809113343-61183.png]
[kodanmal.com/uploads/BGproduct/20180809105116-58803.jpg]
[kodanmal.com/uploads/media/300/20180809114340-35584.png]
[kodanmal.com/product/Flour.html]
[kodanmal.com/uploads/category/20180807143402-36550.jpg]
[kodanmal.com/uploads/product/150/20181107113756-73344.png]
[kodanmal.com/uploads/product/150/20180809112301-50090.png]
[kodanmal.com/uploads/BGproduct/20180809112228-17549.jpg]
[kodanmal.com/uploads/media/300/20181112120506-85757.png]
[kodanmal.com/uploads/BGproduct/20180809112302-69645.jpg]
[kodanmal.com/uploads/media/300/20181107113414-45064.png]
[kodanmal.com/product/Noodle.html]
[kodanmal.com/css/frontend/exhibition_detail.css]
